生成启动时间为 2016/3/2 14:42:19。
     1>项目“D:\Projects\theFinalBattle\theFinalBattle\theFinalBattle.vcxproj”在节点 2 上(Rebuild 个目标)。
     1>ClCompile:
         D:\Microsoft Visual Studio 14.0\VC\bin\CL.exe /c /ZI /nologo /W3 /WX- /Od /Oy- /D WIN32 /D _DEBUG /D _CONSOLE /D _UNICODE /D UNICODE /Gm /EHsc /RTC1 /MDd /GS /fp:precise /Zc:wchar_t /Zc:forScope /Zc:inline /Fo"Debug\\" /Fd"Debug\vc140.pdb" /Gd /TP /analyze- /errorReport:prompt CountFilter.cpp Gram.cpp GramList.cpp Query.cpp SeqDB.cpp Time.cpp topkSearch.cpp
         topkSearch.cpp
     1>d:\projects\thefinalbattle\thefinalbattle\topksearch.cpp(22): fatal error C1083: 无法打开包括文件: “pthread.h”: No such file or directory
         Time.cpp
         SeqDB.cpp
         Query.cpp
         GramList.cpp
         Gram.cpp
         CountFilter.cpp
     1>d:\projects\thefinalbattle\thefinalbattle\countfilter.cpp(23): warning C4018: “<”: 有符号/无符号不匹配
     1>d:\projects\thefinalbattle\thefinalbattle\countfilter.cpp(26): warning C4018: “<”: 有符号/无符号不匹配
     1>d:\projects\thefinalbattle\thefinalbattle\countfilter.cpp(37): warning C4018: “<”: 有符号/无符号不匹配
     1>d:\projects\thefinalbattle\thefinalbattle\countfilter.cpp(38): warning C4018: “<”: 有符号/无符号不匹配
     1>d:\projects\thefinalbattle\thefinalbattle\countfilter.cpp(49): warning C4018: “<”: 有符号/无符号不匹配
     1>d:\projects\thefinalbattle\thefinalbattle\countfilter.cpp(51): warning C4018: “<”: 有符号/无符号不匹配
         正在生成代码...
     1>已完成生成项目“D:\Projects\theFinalBattle\theFinalBattle\theFinalBattle.vcxproj”(Rebuild 个目标)的操作 - 失败。

生成失败。

已用时间 00:00:13.64
